<?xml version="1.0" encoding="UTF-8"?>
<!-- Generated by org.testng.reporters.JUnitXMLReporter -->
<testsuite ignored="0" hostname="Rani21" failures="1" tests="2" name="Default test" time="39.617" errors="0" timestamp="2022-06-19T01:14:12 IST">
  <testcase classname="io.cucumber.testng.AbstractTestNGCucumberTests" name="runScenario" time="2.405">
    <failure type="java.lang.NullPointerException" message="Cannot invoke &amp;quot;org.openqa.selenium.WebDriver.manage()&amp;quot; because &amp;quot;this.driver&amp;quot; is null">
      <![CDATA[java.lang.NullPointerException: Cannot invoke "org.openqa.selenium.WebDriver.manage()" because "this.driver" is null
at amazon.managers.WebDriverManager.openBrowser(WebDriverManager.java:88)
at pages.AmazonHome_Page.launchBrowser(AmazonHome_Page.java:17)
at steps.BuyTv.i_want_to_lunch_url_website_in_browser_browser(BuyTv.java:33)
at ✽.I want to lunch <url> website in <browser> browser(file:///C:/Users/spata/eclipse-workspace/Manoj_Assignment/src/test/resources/amazon.feature:42)
]]>
    </failure>
  </testcase> <!-- runScenario -->
  <testcase classname="io.cucumber.testng.AbstractTestNGCucumberTests" name="runScenario" time="38.879"/>
</testsuite> <!-- Default test -->
