<?xml version="1.0" encoding="UTF-8"?>
<testsuite xmlns:xsi="http://www.w3.org/2001/XMLSchema-instance" xsi:noNamespaceSchemaLocation="https://maven.apache.org/surefire/maven-surefire-plugin/xsd/surefire-test-report-3.0.xsd" version="3.0" name="TestSuite" time="42.577" tests="2" errors="0" skipped="0" failures="2">
  <properties>
[...]
</properties>
  <testcase name="runScenario" classname="amazon.runner.MyRunner" time="38.932">
    <failure message="The following asserts failed:&#10;	Application is not launched " type="java.lang.AssertionError"><![CDATA[java.lang.AssertionError: 
The following asserts failed:
	Application is not launched 
]]></failure>
    <system-out><![CDATA[Constructor TestContext
Constructor TestContext
-------------INIT---------------- Buy a second highest priced  TV from amzon
-------------INIT---------------- Buy a second highest priced  TV from amzon
Starting scenario Buy a second highest priced  TV from amzon
Starting scenario Buy a second highest priced  TV from amzon
Starting scenario Buy a second highest priced  TV from amzon
Starting scenario Buy a second highest priced  TV from amzon
Launched Chrome Browser
Launched Chrome Browser
FAILURE---- Application is not launched 
FAILURE---- Application is not launched 
--------------QUIT---------------Buy a second highest priced  TV from amzon
--------------QUIT---------------Buy a second highest priced  TV from amzon
]]></system-out>
    <system-err><![CDATA[SStatrtairntgi nCghromeDriver 102 Chr.0.5005.o6m1e Driver 102.(0e509b.cc00cc4985ce39ad31c150065f159d95ad3-refs/branch-heads/5005@{#819}) on port 26982
Only local connections are allowed.
Please see https://chromedriver.chromium.org/security-considerations for suggestions on keeping ChromeDriver safe.
5005.61 (0e59bcc00cc4985ce39ad31c150065f159d95ad3-refs/branch-heads/5005@{#819}) on port 55441
Only local connections are allowed.
Please see https://chromedriver.chromium.org/security-considerations for suggestions on keeping ChromeDriver safe.
ChromeDriver was started successfully.
ChromeDriver was started successfully.
Jun 21, 2022 5:56:24 PM org.openqa.selenium.remote.ProtocolHandshake createSession
INFO: Detected dialect: W3C
Jun 21, 2022 5:56:24 PM org.openqa.selenium.remote.ProtocolHandshake createSession
INFO: Detected dialect: W3C
]]></system-err>
  </testcase>
  <testcase name="runScenario" classname="amazon.runner.MyRunner" time="38.934">
    <failure message="The following asserts failed:&#10;	Application is not launched " type="java.lang.AssertionError"><![CDATA[java.lang.AssertionError: 
The following asserts failed:
	Application is not launched 
]]></failure>
  </testcase>
</testsuite>