<?xml version="1.0" encoding="UTF-8"?>
<testng-results ignored="0" total="2" passed="2" failed="0" skipped="0">
  <reporter-output>
  </reporter-output>
  <suite started-at="2022-06-21T16:24:31 IST" name="ClipboardHelath Amazon Assignment Runner file" finished-at="2022-06-21T16:25:25 IST" duration-ms="54024">
    <groups>
      <group name="cucumber">
        <method signature="AbstractTestNGCucumberTests.runScenario(io.cucumber.testng.PickleWrapper, io.cucumber.testng.FeatureWrapper)[pri:0, instance:amazon.runner.MyRunner@65f095f8]" name="runScenario" class="io.cucumber.testng.AbstractTestNGCucumberTests"/>
      </group> <!-- cucumber -->
    </groups>
    <test started-at="2022-06-21T16:24:31 IST" name="Cucumber Runner" finished-at="2022-06-21T16:25:25 IST" duration-ms="54024">
      <class name="amazon.runner.MyRunner">
        <test-method is-config="true" signature="setUpClass()[pri:0, instance:amazon.runner.MyRunner@65f095f8]" started-at="2022-06-21T16:24:31 IST" name="setUpClass" finished-at="2022-06-21T16:24:32 IST" duration-ms="1100" status="PASS">
          <reporter-output>
          </reporter-output>
        </test-method> <!-- setUpClass -->
        <test-method signature="runScenario(io.cucumber.testng.PickleWrapper, io.cucumber.testng.FeatureWrapper)[pri:0, instance:amazon.runner.MyRunner@65f095f8]" started-at="2022-06-21T16:24:32 IST" name="runScenario" description="Runs Cucumber Scenarios" data-provider="scenarios" finished-at="2022-06-21T16:25:25 IST" duration-ms="52153" status="PASS">
          <params>
            <param index="0">
              <value>
                <![CDATA["Buy a second highest priced  TV from amzon"]]>
              </value>
            </param>
            <param index="1">
              <value>
                <![CDATA["Optional[Verify Department section]"]]>
              </value>
            </param>
          </params>
          <reporter-output>
          </reporter-output>
        </test-method> <!-- runScenario -->
        <test-method signature="runScenario(io.cucumber.testng.PickleWrapper, io.cucumber.testng.FeatureWrapper)[pri:0, instance:amazon.runner.MyRunner@65f095f8]" started-at="2022-06-21T16:24:32 IST" name="runScenario" description="Runs Cucumber Scenarios" data-provider="scenarios" finished-at="2022-06-21T16:25:25 IST" duration-ms="52645" status="PASS">
          <params>
            <param index="0">
              <value>
                <![CDATA["Buy a second highest priced  TV from amzon"]]>
              </value>
            </param>
            <param index="1">
              <value>
                <![CDATA["Optional[Verify Department section]"]]>
              </value>
            </param>
          </params>
          <reporter-output>
          </reporter-output>
        </test-method> <!-- runScenario -->
        <test-method is-config="true" signature="tearDownClass()[pri:0, instance:amazon.runner.MyRunner@65f095f8]" started-at="2022-06-21T16:25:25 IST" name="tearDownClass" finished-at="2022-06-21T16:25:25 IST" duration-ms="141" status="PASS">
          <reporter-output>
          </reporter-output>
        </test-method> <!-- tearDownClass -->
      </class> <!-- amazon.runner.MyRunner -->
    </test> <!-- Cucumber Runner -->
  </suite> <!-- ClipboardHelath Amazon Assignment Runner file -->
</testng-results>
