<?xml version="1.0" encoding="UTF-8"?>
<!-- Generated by org.testng.reporters.JUnitReportReporter -->
<testsuite hostname="Rani21" failures="0" tests="2" name="runner.MyRunner" time="41.284" errors="1" timestamp="2022-06-19T01:14:12 IST" skipped="0">
  <testcase classname="runner.MyRunner" name="runScenario" time="2.405">
    <error message="Cannot invoke &quot;org.openqa.selenium.WebDriver.manage()&quot; because &quot;this.driver&quot; is null" type="java.lang.NullPointerException">
      <![CDATA[java.lang.NullPointerException: Cannot invoke "org.openqa.selenium.WebDriver.manage()" because "this.driver" is null
at amazon.managers.WebDriverManager.openBrowser(WebDriverManager.java:88)
at pages.AmazonHome_Page.launchBrowser(AmazonHome_Page.java:17)
at steps.BuyTv.i_want_to_lunch_url_website_in_browser_browser(BuyTv.java:33)
at ✽.I want to lunch <url> website in <browser> browser(file:///C:/Users/spata/eclipse-workspace/Manoj_Assignment/src/test/resources/amazon.feature:42)
]]>
    </error>
  </testcase> <!-- runScenario -->
  <system-out/>
  <testcase classname="runner.MyRunner" name="runScenario" time="38.879"/>
  <system-out/>
</testsuite> <!-- runner.MyRunner -->
